<?xml version="1.0" encoding="UTF-8"?>
<coverage generated="1772645382684" clover="3.2.0">
  <project timestamp="1772645382684" name="All files">
    <metrics statements="62" coveredstatements="51" conditionals="59" coveredconditionals="37" methods="18" coveredmethods="8" elements="139" coveredelements="96" complexity="0" loc="62" ncloc="62" packages="1" files="1" classes="1"/>
    <file name="LoyaltyService.ts" path="F:\BlackLivery\backend\src\services\LoyaltyService.ts">
      <metrics statements="62" coveredstatements="51" conditionals="59" coveredconditionals="37" methods="18" coveredmethods="8"/>
      <line num="1" count="1" type="stmt"/>
      <line num="5" count="1" type="stmt"/>
      <line num="31" count="1" type="stmt"/>
      <line num="37" count="1" type="stmt"/>
      <line num="45" count="1" type="stmt"/>
      <line num="54" count="2" type="cond" truecount="1" falsecount="1"/>
      <line num="56" count="2" type="cond" truecount="1" falsecount="1"/>
      <line num="60" count="2" type="stmt"/>
      <line num="70" count="2" type="stmt"/>
      <line num="71" count="2" type="stmt"/>
      <line num="72" count="2" type="stmt"/>
      <line num="74" count="2" type="cond" truecount="0" falsecount="1"/>
      <line num="76" count="2" type="stmt"/>
      <line num="78" count="2" type="stmt"/>
      <line num="79" count="2" type="stmt"/>
      <line num="82" count="2" type="cond" truecount="2" falsecount="0"/>
      <line num="83" count="1" type="stmt"/>
      <line num="93" count="1" type="stmt"/>
      <line num="94" count="1" type="stmt"/>
      <line num="95" count="1" type="stmt"/>
      <line num="96" count="1" type="stmt"/>
      <line num="97" count="1" type="stmt"/>
      <line num="101" count="2" type="stmt"/>
      <line num="102" count="2" type="cond" truecount="1" falsecount="0"/>
      <line num="103" count="1" type="stmt"/>
      <line num="104" count="1" type="stmt"/>
      <line num="107" count="2" type="stmt"/>
      <line num="109" count="2" type="stmt"/>
      <line num="113" count="2" type="stmt"/>
      <line num="122" count="2" type="stmt"/>
      <line num="129" count="0" type="stmt"/>
      <line num="130" count="0" type="cond" truecount="0" falsecount="2"/>
      <line num="136" count="0" type="cond" truecount="0" falsecount="1"/>
      <line num="137" count="0" type="stmt"/>
      <line num="142" count="0" type="stmt"/>
      <line num="149" count="3" type="stmt"/>
      <line num="150" count="3" type="cond" truecount="0" falsecount="1"/>
      <line num="152" count="3" type="stmt"/>
      <line num="154" count="3" type="stmt"/>
      <line num="155" count="3" type="stmt"/>
      <line num="157" count="3" type="cond" truecount="0" falsecount="1"/>
      <line num="158" count="3" type="stmt"/>
      <line num="160" count="3" type="cond" truecount="1" falsecount="0"/>
      <line num="161" count="1" type="stmt"/>
      <line num="165" count="2" type="stmt"/>
      <line num="166" count="2" type="stmt"/>
      <line num="168" count="2" type="stmt"/>
      <line num="172" count="2" type="stmt"/>
      <line num="181" count="2" type="stmt"/>
      <line num="184" count="2" type="stmt"/>
      <line num="194" count="2" type="stmt"/>
      <line num="201" count="0" type="stmt"/>
      <line num="206" count="0" type="stmt"/>
      <line num="213" count="0" type="stmt"/>
      <line num="224" count="0" type="stmt"/>
      <line num="233" count="2" type="cond" truecount="3" falsecount="2"/>
      <line num="234" count="2" type="cond" truecount="3" falsecount="2"/>
      <line num="235" count="2" type="cond" truecount="4" falsecount="1"/>
      <line num="236" count="1" type="stmt"/>
      <line num="240" count="0" type="stmt"/>
      <line num="246" count="0" type="cond" truecount="0" falsecount="2"/>
      <line num="250" count="1" type="stmt"/>
    </file>
  </project>
</coverage>
