{"F:\\BlackLivery\\backend\\src\\services\\LoyaltyService.ts": {"path":"F:\\BlackLivery\\backend\\src\\services\\LoyaltyService.ts","statementMap":{"0":{"start":{"line":1,"column":0},"end":{"line":1,"column":40}},"1":{"start":{"line":5,"column":0},"end":{"line":5,"column":70}},"2":{"start":{"line":31,"column":60},"end":{"line":34,"column":2}},"3":{"start":{"line":37,"column":32},"end":{"line":42,"column":2}},"4":{"start":{"line":45,"column":25},"end":{"line":50,"column":2}},"5":{"start":{"line":54,"column":30},"end":{"line":54,"column":66}},"6":{"start":{"line":56,"column":23},"end":{"line":58,"column":59}},"7":{"start":{"line":60,"column":8},"end":{"line":63,"column":10}},"8":{"start":{"line":70,"column":23},"end":{"line":70,"column":64}},"9":{"start":{"line":71,"column":21},"end":{"line":71,"column":45}},"10":{"start":{"line":72,"column":30},"end":{"line":72,"column":59}},"11":{"start":{"line":74,"column":8},"end":{"line":74,"column":89}},"12":{"start":{"line":74,"column":32},"end":{"line":74,"column":89}},"13":{"start":{"line":76,"column":27},"end":{"line":76,"column":72}},"14":{"start":{"line":78,"column":23},"end":{"line":110,"column":10}},"15":{"start":{"line":78,"column":69},"end":{"line":110,"column":10}},"16":{"start":{"line":79,"column":24},"end":{"line":79,"column":57}},"17":{"start":{"line":82,"column":12},"end":{"line":98,"column":13}},"18":{"start":{"line":83,"column":16},"end":{"line":91,"column":18}},"19":{"start":{"line":93,"column":16},"end":{"line":93,"column":56}},"20":{"start":{"line":94,"column":16},"end":{"line":94,"column":48}},"21":{"start":{"line":95,"column":16},"end":{"line":95,"column":56}},"22":{"start":{"line":96,"column":16},"end":{"line":96,"column":43}},"23":{"start":{"line":97,"column":16},"end":{"line":97,"column":47}},"24":{"start":{"line":101,"column":28},"end":{"line":101,"column":84}},"25":{"start":{"line":102,"column":12},"end":{"line":105,"column":13}},"26":{"start":{"line":103,"column":16},"end":{"line":103,"column":39}},"27":{"start":{"line":104,"column":16},"end":{"line":104,"column":51}},"28":{"start":{"line":107,"column":12},"end":{"line":107,"column":49}},"29":{"start":{"line":109,"column":12},"end":{"line":109,"column":83}},"30":{"start":{"line":113,"column":8},"end":{"line":120,"column":11}},"31":{"start":{"line":122,"column":8},"end":{"line":122,"column":22}},"32":{"start":{"line":129,"column":20},"end":{"line":129,"column":77}},"33":{"start":{"line":130,"column":8},"end":{"line":130,"column":67}},"34":{"start":{"line":136,"column":21},"end":{"line":143,"column":null}},"35":{"start":{"line":137,"column":21},"end":{"line":141,"column":18}},"36":{"start":{"line":142,"column":8},"end":{"line":142,"column":63}},"37":{"start":{"line":142,"column":34},"end":{"line":142,"column":61}},"38":{"start":{"line":149,"column":23},"end":{"line":149,"column":51}},"39":{"start":{"line":150,"column":8},"end":{"line":150,"column":60}},"40":{"start":{"line":150,"column":21},"end":{"line":150,"column":60}},"41":{"start":{"line":152,"column":27},"end":{"line":152,"column":72}},"42":{"start":{"line":154,"column":23},"end":{"line":169,"column":10}},"43":{"start":{"line":154,"column":69},"end":{"line":169,"column":10}},"44":{"start":{"line":155,"column":24},"end":{"line":155,"column":57}},"45":{"start":{"line":157,"column":12},"end":{"line":157,"column":73}},"46":{"start":{"line":157,"column":29},"end":{"line":157,"column":73}},"47":{"start":{"line":158,"column":28},"end":{"line":158,"column":57}},"48":{"start":{"line":160,"column":12},"end":{"line":162,"column":13}},"49":{"start":{"line":161,"column":16},"end":{"line":161,"column":102}},"50":{"start":{"line":165,"column":30},"end":{"line":165,"column":60}},"51":{"start":{"line":166,"column":12},"end":{"line":166,"column":89}},"52":{"start":{"line":168,"column":12},"end":{"line":168,"column":33}},"53":{"start":{"line":172,"column":47},"end":{"line":180,"column":10}},"54":{"start":{"line":181,"column":20},"end":{"line":181,"column":78}},"55":{"start":{"line":184,"column":8},"end":{"line":192,"column":11}},"56":{"start":{"line":194,"column":8},"end":{"line":194,"column":45}},"57":{"start":{"line":201,"column":21},"end":{"line":205,"column":18}},"58":{"start":{"line":206,"column":8},"end":{"line":206,"column":85}},"59":{"start":{"line":206,"column":35},"end":{"line":206,"column":83}},"60":{"start":{"line":213,"column":8},"end":{"line":217,"column":11}},"61":{"start":{"line":224,"column":8},"end":{"line":229,"column":12}},"62":{"start":{"line":224,"column":73},"end":{"line":229,"column":10}},"63":{"start":{"line":233,"column":8},"end":{"line":233,"column":102}},"64":{"start":{"line":233,"column":84},"end":{"line":233,"column":102}},"65":{"start":{"line":234,"column":8},"end":{"line":234,"column":90}},"66":{"start":{"line":234,"column":76},"end":{"line":234,"column":90}},"67":{"start":{"line":235,"column":8},"end":{"line":235,"column":96}},"68":{"start":{"line":235,"column":80},"end":{"line":235,"column":96}},"69":{"start":{"line":236,"column":8},"end":{"line":236,"column":24}},"70":{"start":{"line":240,"column":53},"end":{"line":245,"column":10}},"71":{"start":{"line":246,"column":8},"end":{"line":246,"column":42}},"72":{"start":{"line":250,"column":13},"end":{"line":250,"column":51}}},"fnMap":{"0":{"name":"(anonymous_7)","decl":{"start":{"line":53,"column":18},"end":{"line":53,"column":38}},"loc":{"start":{"line":53,"column":55},"end":{"line":64,"column":null}}},"1":{"name":"(anonymous_9)","decl":{"start":{"line":69,"column":10},"end":{"line":69,"column":21}},"loc":{"start":{"line":69,"column":74},"end":{"line":123,"column":null}}},"2":{"name":"(anonymous_11)","decl":{"start":{"line":78,"column":47},"end":{"line":78,"column":54}},"loc":{"start":{"line":78,"column":69},"end":{"line":110,"column":10}}},"3":{"name":"(anonymous_12)","decl":{"start":{"line":78,"column":69},"end":{"line":78,"column":null}},"loc":{"start":{"line":78,"column":69},"end":{"line":110,"column":9}}},"4":{"name":"(anonymous_13)","decl":{"start":{"line":128,"column":10},"end":{"line":128,"column":20}},"loc":{"start":{"line":128,"column":35},"end":{"line":131,"column":null}}},"5":{"name":"(anonymous_15)","decl":{"start":{"line":136,"column":10},"end":{"line":136,"column":20}},"loc":{"start":{"line":136,"column":20},"end":{"line":143,"column":null}}},"6":{"name":"(anonymous_16)","decl":{"start":{"line":136,"column":21},"end":{"line":136,"column":35}},"loc":{"start":{"line":136,"column":47},"end":{"line":143,"column":5}}},"7":{"name":"(anonymous_17)","decl":{"start":{"line":142,"column":29},"end":{"line":142,"column":30}},"loc":{"start":{"line":142,"column":34},"end":{"line":142,"column":61}}},"8":{"name":"(anonymous_18)","decl":{"start":{"line":148,"column":10},"end":{"line":148,"column":22}},"loc":{"start":{"line":148,"column":80},"end":{"line":195,"column":null}}},"9":{"name":"(anonymous_20)","decl":{"start":{"line":154,"column":47},"end":{"line":154,"column":54}},"loc":{"start":{"line":154,"column":69},"end":{"line":169,"column":10}}},"10":{"name":"(anonymous_21)","decl":{"start":{"line":154,"column":69},"end":{"line":154,"column":null}},"loc":{"start":{"line":154,"column":69},"end":{"line":169,"column":9}}},"11":{"name":"(anonymous_22)","decl":{"start":{"line":200,"column":10},"end":{"line":200,"column":30}},"loc":{"start":{"line":200,"column":45},"end":{"line":207,"column":null}}},"12":{"name":"(anonymous_24)","decl":{"start":{"line":206,"column":29},"end":{"line":206,"column":30}},"loc":{"start":{"line":206,"column":35},"end":{"line":206,"column":83}}},"13":{"name":"(anonymous_25)","decl":{"start":{"line":212,"column":10},"end":{"line":212,"column":25}},"loc":{"start":{"line":212,"column":62},"end":{"line":218,"column":null}}},"14":{"name":"(anonymous_27)","decl":{"start":{"line":223,"column":4},"end":{"line":223,"column":23}},"loc":{"start":{"line":223,"column":23},"end":{"line":230,"column":5}}},"15":{"name":"(anonymous_28)","decl":{"start":{"line":224,"column":52},"end":{"line":224,"column":53}},"loc":{"start":{"line":224,"column":73},"end":{"line":229,"column":10}}},"16":{"name":"(anonymous_29)","decl":{"start":{"line":232,"column":12},"end":{"line":232,"column":25}},"loc":{"start":{"line":232,"column":79},"end":{"line":237,"column":5}}},"17":{"name":"(anonymous_30)","decl":{"start":{"line":239,"column":12},"end":{"line":239,"column":32}},"loc":{"start":{"line":239,"column":45},"end":{"line":247,"column":5}}}},"branchMap":{"0":{"loc":{"start":{"line":54,"column":37},"end":{"line":54,"column":51}},"type":"binary-expr","locations":[{"start":{"line":54,"column":37},"end":{"line":54,"column":45}},{"start":{"line":54,"column":49},"end":{"line":54,"column":51}}]},"1":{"loc":{"start":{"line":56,"column":23},"end":{"line":58,"column":59}},"type":"cond-expr","locations":[{"start":{"line":57,"column":14},"end":{"line":57,"column":59}},{"start":{"line":58,"column":14},"end":{"line":58,"column":59}}]},"2":{"loc":{"start":{"line":61,"column":31},"end":{"line":61,"column":116}},"type":"cond-expr","locations":[{"start":{"line":61,"column":111},"end":{"line":61,"column":115}},{"start":{"line":61,"column":115},"end":{"line":61,"column":116}}]},"3":{"loc":{"start":{"line":61,"column":31},"end":{"line":61,"column":115}},"type":"binary-expr","locations":[{"start":{"line":61,"column":31},"end":{"line":61,"column":115}},{"start":{"line":61,"column":111},"end":{"line":61,"column":115}}]},"4":{"loc":{"start":{"line":61,"column":31},"end":{"line":61,"column":111}},"type":"cond-expr","locations":[{"start":{"line":61,"column":65},"end":{"line":61,"column":69}},{"start":{"line":61,"column":69},"end":{"line":61,"column":111}}]},"5":{"loc":{"start":{"line":61,"column":31},"end":{"line":61,"column":69}},"type":"binary-expr","locations":[{"start":{"line":61,"column":31},"end":{"line":61,"column":69}},{"start":{"line":61,"column":65},"end":{"line":61,"column":69}}]},"6":{"loc":{"start":{"line":61,"column":31},"end":{"line":61,"column":65}},"type":"cond-expr","locations":[{"start":{"line":61,"column":46},"end":{"line":61,"column":48}},{"start":{"line":61,"column":46},"end":{"line":61,"column":65}}]},"7":{"loc":{"start":{"line":61,"column":31},"end":{"line":61,"column":48}},"type":"binary-expr","locations":[{"start":{"line":61,"column":31},"end":{"line":61,"column":48}},{"start":{"line":61,"column":46},"end":{"line":61,"column":48}}]},"8":{"loc":{"start":{"line":61,"column":31},"end":{"line":61,"column":46}},"type":"cond-expr","locations":[{"start":{"line":61,"column":37},"end":{"line":61,"column":39}},{"start":{"line":61,"column":31},"end":{"line":61,"column":46}}]},"9":{"loc":{"start":{"line":61,"column":31},"end":{"line":61,"column":39}},"type":"binary-expr","locations":[{"start":{"line":61,"column":31},"end":{"line":61,"column":39}},{"start":{"line":61,"column":31},"end":{"line":61,"column":39}}]},"10":{"loc":{"start":{"line":62,"column":19},"end":{"line":62,"column":68}},"type":"cond-expr","locations":[{"start":{"line":62,"column":41},"end":{"line":62,"column":45}},{"start":{"line":62,"column":45},"end":{"line":62,"column":68}}]},"11":{"loc":{"start":{"line":62,"column":19},"end":{"line":62,"column":45}},"type":"binary-expr","locations":[{"start":{"line":62,"column":19},"end":{"line":62,"column":45}},{"start":{"line":62,"column":41},"end":{"line":62,"column":45}}]},"12":{"loc":{"start":{"line":62,"column":19},"end":{"line":62,"column":41}},"type":"cond-expr","locations":[{"start":{"line":62,"column":34},"end":{"line":62,"column":36}},{"start":{"line":62,"column":34},"end":{"line":62,"column":41}}]},"13":{"loc":{"start":{"line":62,"column":19},"end":{"line":62,"column":36}},"type":"binary-expr","locations":[{"start":{"line":62,"column":19},"end":{"line":62,"column":36}},{"start":{"line":62,"column":34},"end":{"line":62,"column":36}}]},"14":{"loc":{"start":{"line":62,"column":19},"end":{"line":62,"column":34}},"type":"cond-expr","locations":[{"start":{"line":62,"column":25},"end":{"line":62,"column":27}},{"start":{"line":62,"column":19},"end":{"line":62,"column":34}}]},"15":{"loc":{"start":{"line":62,"column":19},"end":{"line":62,"column":27}},"type":"binary-expr","locations":[{"start":{"line":62,"column":19},"end":{"line":62,"column":27}},{"start":{"line":62,"column":19},"end":{"line":62,"column":27}}]},"16":{"loc":{"start":{"line":74,"column":8},"end":{"line":74,"column":89}},"type":"if","locations":[{"start":{"line":74,"column":8},"end":{"line":74,"column":89}}]},"17":{"loc":{"start":{"line":82,"column":12},"end":{"line":98,"column":13}},"type":"if","locations":[{"start":{"line":82,"column":12},"end":{"line":98,"column":13}},{"start":{"line":92,"column":19},"end":{"line":98,"column":13}}]},"18":{"loc":{"start":{"line":102,"column":12},"end":{"line":105,"column":13}},"type":"if","locations":[{"start":{"line":102,"column":12},"end":{"line":105,"column":13}}]},"19":{"loc":{"start":{"line":130,"column":15},"end":{"line":130,"column":66}},"type":"cond-expr","locations":[{"start":{"line":130,"column":29},"end":{"line":130,"column":59}},{"start":{"line":130,"column":62},"end":{"line":130,"column":66}}]},"20":{"loc":{"start":{"line":136,"column":37},"end":{"line":136,"column":47}},"type":"default-arg","locations":[{"start":{"line":136,"column":45},"end":{"line":136,"column":47}}]},"21":{"loc":{"start":{"line":150,"column":8},"end":{"line":150,"column":60}},"type":"if","locations":[{"start":{"line":150,"column":8},"end":{"line":150,"column":60}}]},"22":{"loc":{"start":{"line":157,"column":12},"end":{"line":157,"column":73}},"type":"if","locations":[{"start":{"line":157,"column":12},"end":{"line":157,"column":73}}]},"23":{"loc":{"start":{"line":160,"column":12},"end":{"line":162,"column":13}},"type":"if","locations":[{"start":{"line":160,"column":12},"end":{"line":162,"column":13}}]},"24":{"loc":{"start":{"line":233,"column":8},"end":{"line":233,"column":102}},"type":"if","locations":[{"start":{"line":233,"column":8},"end":{"line":233,"column":102}}]},"25":{"loc":{"start":{"line":233,"column":31},"end":{"line":233,"column":81}},"type":"cond-expr","locations":[{"start":{"line":233,"column":45},"end":{"line":233,"column":49}},{"start":{"line":233,"column":49},"end":{"line":233,"column":81}}]},"26":{"loc":{"start":{"line":233,"column":31},"end":{"line":233,"column":49}},"type":"binary-expr","locations":[{"start":{"line":233,"column":31},"end":{"line":233,"column":49}},{"start":{"line":233,"column":45},"end":{"line":233,"column":49}}]},"27":{"loc":{"start":{"line":234,"column":8},"end":{"line":234,"column":90}},"type":"if","locations":[{"start":{"line":234,"column":8},"end":{"line":234,"column":90}}]},"28":{"loc":{"start":{"line":234,"column":31},"end":{"line":234,"column":73}},"type":"cond-expr","locations":[{"start":{"line":234,"column":41},"end":{"line":234,"column":45}},{"start":{"line":234,"column":45},"end":{"line":234,"column":73}}]},"29":{"loc":{"start":{"line":234,"column":31},"end":{"line":234,"column":45}},"type":"binary-expr","locations":[{"start":{"line":234,"column":31},"end":{"line":234,"column":45}},{"start":{"line":234,"column":41},"end":{"line":234,"column":45}}]},"30":{"loc":{"start":{"line":235,"column":8},"end":{"line":235,"column":96}},"type":"if","locations":[{"start":{"line":235,"column":8},"end":{"line":235,"column":96}}]},"31":{"loc":{"start":{"line":235,"column":31},"end":{"line":235,"column":77}},"type":"cond-expr","locations":[{"start":{"line":235,"column":43},"end":{"line":235,"column":47}},{"start":{"line":235,"column":47},"end":{"line":235,"column":77}}]},"32":{"loc":{"start":{"line":235,"column":31},"end":{"line":235,"column":47}},"type":"binary-expr","locations":[{"start":{"line":235,"column":31},"end":{"line":235,"column":47}},{"start":{"line":235,"column":43},"end":{"line":235,"column":47}}]},"33":{"loc":{"start":{"line":246,"column":15},"end":{"line":246,"column":41}},"type":"binary-expr","locations":[{"start":{"line":246,"column":15},"end":{"line":246,"column":33}},{"start":{"line":246,"column":37},"end":{"line":246,"column":41}}]}},"s":{"0":1,"1":1,"2":1,"3":1,"4":1,"5":2,"6":2,"7":2,"8":2,"9":2,"10":2,"11":2,"12":0,"13":2,"14":2,"15":2,"16":2,"17":2,"18":1,"19":1,"20":1,"21":1,"22":1,"23":1,"24":2,"25":2,"26":1,"27":1,"28":2,"29":2,"30":2,"31":2,"32":0,"33":0,"34":0,"35":0,"36":0,"37":0,"38":3,"39":3,"40":0,"41":3,"42":3,"43":3,"44":3,"45":3,"46":0,"47":3,"48":3,"49":1,"50":2,"51":2,"52":2,"53":2,"54":2,"55":2,"56":2,"57":0,"58":0,"59":0,"60":0,"61":0,"62":0,"63":2,"64":0,"65":2,"66":0,"67":2,"68":1,"69":1,"70":0,"71":0,"72":1},"f":{"0":2,"1":2,"2":2,"3":2,"4":0,"5":0,"6":0,"7":0,"8":3,"9":3,"10":3,"11":0,"12":0,"13":0,"14":0,"15":0,"16":2,"17":0},"b":{"0":[2,0],"1":[0,2],"2":[2,0],"3":[2,2],"4":[2,0],"5":[2,2],"6":[0,2],"7":[2,2],"8":[0,2],"9":[2,2],"10":[2,0],"11":[2,2],"12":[0,2],"13":[2,2],"14":[0,2],"15":[2,2],"16":[0],"17":[1,1],"18":[1],"19":[0,0],"20":[0],"21":[0],"22":[0],"23":[1],"24":[0],"25":[2,0],"26":[2,2],"27":[0],"28":[2,0],"29":[2,2],"30":[1],"31":[2,0],"32":[2,2],"33":[0,0]}}
}
