{"C:\\Users\\sarma\\Downloads\\RiderApp\\backend\\src\\services\\pricing\\NigeriaPricingStrategy.ts": {"path":"C:\\Users\\sarma\\Downloads\\RiderApp\\backend\\src\\services\\pricing\\NigeriaPricingStrategy.ts","statementMap":{"0":{"start":{"line":9,"column":24},"end":{"line":20,"column":2}},"1":{"start":{"line":22,"column":63},"end":{"line":26,"column":2}},"2":{"start":{"line":28,"column":26},"end":{"line":28,"column":79}},"3":{"start":{"line":29,"column":20},"end":{"line":29,"column":73}},"4":{"start":{"line":30,"column":22},"end":{"line":30,"column":56}},"5":{"start":{"line":34,"column":28},"end":{"line":34,"column":62}},"6":{"start":{"line":36,"column":8},"end":{"line":38,"column":9}},"7":{"start":{"line":37,"column":12},"end":{"line":37,"column":56}},"8":{"start":{"line":40,"column":8},"end":{"line":42,"column":9}},"9":{"start":{"line":41,"column":12},"end":{"line":41,"column":54}},"10":{"start":{"line":44,"column":8},"end":{"line":46,"column":9}},"11":{"start":{"line":45,"column":12},"end":{"line":45,"column":54}},"12":{"start":{"line":48,"column":8},"end":{"line":48,"column":56}},"13":{"start":{"line":52,"column":24},"end":{"line":52,"column":72}},"14":{"start":{"line":53,"column":8},"end":{"line":55,"column":9}},"15":{"start":{"line":54,"column":12},"end":{"line":54,"column":82}},"16":{"start":{"line":56,"column":8},"end":{"line":59,"column":9}},"17":{"start":{"line":57,"column":31},"end":{"line":57,"column":91}},"18":{"start":{"line":58,"column":12},"end":{"line":58,"column":30}},"19":{"start":{"line":60,"column":8},"end":{"line":62,"column":9}},"20":{"start":{"line":61,"column":12},"end":{"line":61,"column":90}},"21":{"start":{"line":63,"column":8},"end":{"line":63,"column":78}},"22":{"start":{"line":67,"column":8},"end":{"line":67,"column":45}},"23":{"start":{"line":67,"column":36},"end":{"line":67,"column":45}},"24":{"start":{"line":68,"column":24},"end":{"line":68,"column":72}},"25":{"start":{"line":70,"column":8},"end":{"line":76,"column":9}},"26":{"start":{"line":71,"column":27},"end":{"line":71,"column":50}},"27":{"start":{"line":72,"column":25},"end":{"line":72,"column":59}},"28":{"start":{"line":73,"column":30},"end":{"line":73,"column":63}},"29":{"start":{"line":74,"column":31},"end":{"line":74,"column":68}},"30":{"start":{"line":75,"column":12},"end":{"line":75,"column":53}},"31":{"start":{"line":78,"column":27},"end":{"line":78,"column":85}},"32":{"start":{"line":79,"column":8},"end":{"line":79,"column":63}},"33":{"start":{"line":83,"column":48},"end":{"line":83,"column":55}},"34":{"start":{"line":84,"column":21},"end":{"line":84,"column":81}},"35":{"start":{"line":85,"column":24},"end":{"line":85,"column":74}},"36":{"start":{"line":87,"column":27},"end":{"line":87,"column":99}},"37":{"start":{"line":88,"column":26},"end":{"line":88,"column":71}},"38":{"start":{"line":90,"column":25},"end":{"line":90,"column":67}},"39":{"start":{"line":91,"column":26},"end":{"line":91,"column":70}},"40":{"start":{"line":92,"column":30},"end":{"line":92,"column":82}},"41":{"start":{"line":93,"column":28},"end":{"line":93,"column":76}},"42":{"start":{"line":95,"column":19},"end":{"line":95,"column":86}},"43":{"start":{"line":97,"column":8},"end":{"line":97,"column":50}},"44":{"start":{"line":98,"column":8},"end":{"line":98,"column":45}},"45":{"start":{"line":100,"column":8},"end":{"line":102,"column":9}},"46":{"start":{"line":101,"column":12},"end":{"line":101,"column":38}},"47":{"start":{"line":104,"column":8},"end":{"line":104,"column":43}},"48":{"start":{"line":108,"column":24},"end":{"line":108,"column":74}},"49":{"start":{"line":109,"column":25},"end":{"line":113,"column":10}},"50":{"start":{"line":115,"column":25},"end":{"line":115,"column":68}},"51":{"start":{"line":116,"column":23},"end":{"line":116,"column":83}},"52":{"start":{"line":118,"column":29},"end":{"line":118,"column":74}},"53":{"start":{"line":119,"column":27},"end":{"line":119,"column":68}},"54":{"start":{"line":120,"column":28},"end":{"line":120,"column":87}},"55":{"start":{"line":122,"column":19},"end":{"line":122,"column":43}},"56":{"start":{"line":123,"column":8},"end":{"line":123,"column":50}},"57":{"start":{"line":125,"column":8},"end":{"line":127,"column":9}},"58":{"start":{"line":126,"column":12},"end":{"line":126,"column":37}},"59":{"start":{"line":129,"column":8},"end":{"line":129,"column":53}},"60":{"start":{"line":133,"column":21},"end":{"line":133,"column":60}},"61":{"start":{"line":134,"column":24},"end":{"line":134,"column":74}},"62":{"start":{"line":135,"column":25},"end":{"line":135,"column":55}},"63":{"start":{"line":136,"column":33},"end":{"line":136,"column":63}},"64":{"start":{"line":138,"column":22},"end":{"line":138,"column":76}},"65":{"start":{"line":139,"column":24},"end":{"line":139,"column":82}},"66":{"start":{"line":142,"column":12},"end":{"line":146,"column":45}},"67":{"start":{"line":148,"column":8},"end":{"line":148,"column":45}},"68":{"start":{"line":149,"column":8},"end":{"line":149,"column":39}},"69":{"start":{"line":153,"column":24},"end":{"line":153,"column":78}},"70":{"start":{"line":154,"column":25},"end":{"line":154,"column":76}},"71":{"start":{"line":155,"column":25},"end":{"line":155,"column":70}},"72":{"start":{"line":157,"column":25},"end":{"line":157,"column":71}},"73":{"start":{"line":158,"column":26},"end":{"line":158,"column":74}},"74":{"start":{"line":159,"column":30},"end":{"line":159,"column":85}},"75":{"start":{"line":160,"column":28},"end":{"line":160,"column":81}},"76":{"start":{"line":162,"column":19},"end":{"line":162,"column":102}},"77":{"start":{"line":164,"column":28},"end":{"line":164,"column":78}},"78":{"start":{"line":165,"column":35},"end":{"line":169,"column":10}},"79":{"start":{"line":170,"column":8},"end":{"line":170,"column":48}},"80":{"start":{"line":172,"column":8},"end":{"line":174,"column":9}},"81":{"start":{"line":173,"column":12},"end":{"line":173,"column":57}},"82":{"start":{"line":175,"column":8},"end":{"line":177,"column":9}},"83":{"start":{"line":176,"column":12},"end":{"line":176,"column":31}},"84":{"start":{"line":178,"column":8},"end":{"line":181,"column":9}},"85":{"start":{"line":179,"column":33},"end":{"line":179,"column":97}},"86":{"start":{"line":180,"column":12},"end":{"line":180,"column":70}},"87":{"start":{"line":183,"column":8},"end":{"line":183,"column":45}},"88":{"start":{"line":184,"column":8},"end":{"line":184,"column":43}},"89":{"start":{"line":188,"column":18},"end":{"line":188,"column":19}},"90":{"start":{"line":189,"column":23},"end":{"line":189,"column":37}},"91":{"start":{"line":190,"column":8},"end":{"line":190,"column":32}},"92":{"start":{"line":190,"column":21},"end":{"line":190,"column":32}},"93":{"start":{"line":192,"column":8},"end":{"line":192,"column":47}},"94":{"start":{"line":192,"column":35},"end":{"line":192,"column":47}},"95":{"start":{"line":193,"column":8},"end":{"line":193,"column":45}},"96":{"start":{"line":193,"column":33},"end":{"line":193,"column":45}},"97":{"start":{"line":194,"column":8},"end":{"line":194,"column":45}},"98":{"start":{"line":194,"column":33},"end":{"line":194,"column":45}},"99":{"start":{"line":196,"column":8},"end":{"line":196,"column":19}},"100":{"start":{"line":32,"column":0},"end":{"line":32,"column":13}},"101":{"start":{"line":200,"column":13},"end":{"line":200,"column":67}}},"fnMap":{"0":{"name":"(anonymous_7)","decl":{"start":{"line":33,"column":10},"end":{"line":33,"column":24}},"loc":{"start":{"line":33,"column":48},"end":{"line":49,"column":null}}},"1":{"name":"(anonymous_9)","decl":{"start":{"line":51,"column":4},"end":{"line":51,"column":28}},"loc":{"start":{"line":51,"column":56},"end":{"line":64,"column":5}}},"2":{"name":"(anonymous_10)","decl":{"start":{"line":66,"column":4},"end":{"line":66,"column":24}},"loc":{"start":{"line":66,"column":48},"end":{"line":80,"column":5}}},"3":{"name":"(anonymous_11)","decl":{"start":{"line":82,"column":12},"end":{"line":82,"column":38}},"loc":{"start":{"line":82,"column":62},"end":{"line":105,"column":5}}},"4":{"name":"(anonymous_12)","decl":{"start":{"line":107,"column":12},"end":{"line":107,"column":32}},"loc":{"start":{"line":107,"column":56},"end":{"line":130,"column":5}}},"5":{"name":"(anonymous_13)","decl":{"start":{"line":132,"column":12},"end":{"line":132,"column":32}},"loc":{"start":{"line":132,"column":56},"end":{"line":150,"column":5}}},"6":{"name":"(anonymous_14)","decl":{"start":{"line":152,"column":12},"end":{"line":152,"column":34}},"loc":{"start":{"line":152,"column":58},"end":{"line":185,"column":5}}},"7":{"name":"(anonymous_15)","decl":{"start":{"line":187,"column":12},"end":{"line":187,"column":31}},"loc":{"start":{"line":187,"column":55},"end":{"line":197,"column":5}}}},"branchMap":{"0":{"loc":{"start":{"line":34,"column":28},"end":{"line":34,"column":62}},"type":"cond-expr","locations":[{"start":{"line":34,"column":47},"end":{"line":34,"column":51}},{"start":{"line":34,"column":51},"end":{"line":34,"column":62}}]},"1":{"loc":{"start":{"line":34,"column":28},"end":{"line":34,"column":51}},"type":"binary-expr","locations":[{"start":{"line":34,"column":28},"end":{"line":34,"column":51}},{"start":{"line":34,"column":47},"end":{"line":34,"column":51}}]},"2":{"loc":{"start":{"line":36,"column":8},"end":{"line":38,"column":9}},"type":"if","locations":[{"start":{"line":36,"column":8},"end":{"line":38,"column":9}}]},"3":{"loc":{"start":{"line":40,"column":8},"end":{"line":42,"column":9}},"type":"if","locations":[{"start":{"line":40,"column":8},"end":{"line":42,"column":9}}]},"4":{"loc":{"start":{"line":40,"column":12},"end":{"line":40,"column":59}},"type":"binary-expr","locations":[{"start":{"line":40,"column":12},"end":{"line":40,"column":36}},{"start":{"line":40,"column":40},"end":{"line":40,"column":59}}]},"5":{"loc":{"start":{"line":44,"column":8},"end":{"line":46,"column":9}},"type":"if","locations":[{"start":{"line":44,"column":8},"end":{"line":46,"column":9}}]},"6":{"loc":{"start":{"line":52,"column":25},"end":{"line":52,"column":57}},"type":"cond-expr","locations":[{"start":{"line":52,"column":46},"end":{"line":52,"column":50}},{"start":{"line":52,"column":50},"end":{"line":52,"column":57}}]},"7":{"loc":{"start":{"line":52,"column":25},"end":{"line":52,"column":50}},"type":"binary-expr","locations":[{"start":{"line":52,"column":25},"end":{"line":52,"column":50}},{"start":{"line":52,"column":46},"end":{"line":52,"column":50}}]},"8":{"loc":{"start":{"line":53,"column":8},"end":{"line":55,"column":9}},"type":"if","locations":[{"start":{"line":53,"column":8},"end":{"line":55,"column":9}}]},"9":{"loc":{"start":{"line":53,"column":12},"end":{"line":53,"column":64}},"type":"binary-expr","locations":[{"start":{"line":53,"column":12},"end":{"line":53,"column":28}},{"start":{"line":53,"column":32},"end":{"line":53,"column":64}}]},"10":{"loc":{"start":{"line":54,"column":19},"end":{"line":54,"column":81}},"type":"cond-expr","locations":[{"start":{"line":54,"column":73},"end":{"line":54,"column":77}},{"start":{"line":54,"column":77},"end":{"line":54,"column":81}}]},"11":{"loc":{"start":{"line":54,"column":19},"end":{"line":54,"column":77}},"type":"binary-expr","locations":[{"start":{"line":54,"column":19},"end":{"line":54,"column":77}},{"start":{"line":54,"column":73},"end":{"line":54,"column":77}}]},"12":{"loc":{"start":{"line":56,"column":8},"end":{"line":59,"column":9}},"type":"if","locations":[{"start":{"line":56,"column":8},"end":{"line":59,"column":9}}]},"13":{"loc":{"start":{"line":57,"column":31},"end":{"line":57,"column":91}},"type":"cond-expr","locations":[{"start":{"line":57,"column":51},"end":{"line":57,"column":56}},{"start":{"line":57,"column":59},"end":{"line":57,"column":91}}]},"14":{"loc":{"start":{"line":57,"column":59},"end":{"line":57,"column":91}},"type":"cond-expr","locations":[{"start":{"line":57,"column":78},"end":{"line":57,"column":83}},{"start":{"line":57,"column":86},"end":{"line":57,"column":91}}]},"15":{"loc":{"start":{"line":60,"column":8},"end":{"line":62,"column":9}},"type":"if","locations":[{"start":{"line":60,"column":8},"end":{"line":62,"column":9}}]},"16":{"loc":{"start":{"line":61,"column":20},"end":{"line":61,"column":82}},"type":"cond-expr","locations":[{"start":{"line":61,"column":74},"end":{"line":61,"column":78}},{"start":{"line":61,"column":78},"end":{"line":61,"column":82}}]},"17":{"loc":{"start":{"line":61,"column":20},"end":{"line":61,"column":78}},"type":"binary-expr","locations":[{"start":{"line":61,"column":20},"end":{"line":61,"column":78}},{"start":{"line":61,"column":74},"end":{"line":61,"column":78}}]},"18":{"loc":{"start":{"line":63,"column":15},"end":{"line":63,"column":77}},"type":"cond-expr","locations":[{"start":{"line":63,"column":69},"end":{"line":63,"column":73}},{"start":{"line":63,"column":73},"end":{"line":63,"column":77}}]},"19":{"loc":{"start":{"line":63,"column":15},"end":{"line":63,"column":73}},"type":"binary-expr","locations":[{"start":{"line":63,"column":15},"end":{"line":63,"column":73}},{"start":{"line":63,"column":69},"end":{"line":63,"column":73}}]},"20":{"loc":{"start":{"line":67,"column":8},"end":{"line":67,"column":45}},"type":"if","locations":[{"start":{"line":67,"column":8},"end":{"line":67,"column":45}}]},"21":{"loc":{"start":{"line":68,"column":25},"end":{"line":68,"column":57}},"type":"cond-expr","locations":[{"start":{"line":68,"column":46},"end":{"line":68,"column":50}},{"start":{"line":68,"column":50},"end":{"line":68,"column":57}}]},"22":{"loc":{"start":{"line":68,"column":25},"end":{"line":68,"column":50}},"type":"binary-expr","locations":[{"start":{"line":68,"column":25},"end":{"line":68,"column":50}},{"start":{"line":68,"column":46},"end":{"line":68,"column":50}}]},"23":{"loc":{"start":{"line":70,"column":8},"end":{"line":76,"column":9}},"type":"if","locations":[{"start":{"line":70,"column":8},"end":{"line":76,"column":9}}]},"24":{"loc":{"start":{"line":70,"column":12},"end":{"line":70,"column":64}},"type":"binary-expr","locations":[{"start":{"line":70,"column":12},"end":{"line":70,"column":28}},{"start":{"line":70,"column":32},"end":{"line":70,"column":64}}]},"25":{"loc":{"start":{"line":72,"column":25},"end":{"line":72,"column":59}},"type":"cond-expr","locations":[{"start":{"line":72,"column":54},"end":{"line":72,"column":58}},{"start":{"line":72,"column":58},"end":{"line":72,"column":59}}]},"26":{"loc":{"start":{"line":72,"column":25},"end":{"line":72,"column":58}},"type":"binary-expr","locations":[{"start":{"line":72,"column":25},"end":{"line":72,"column":58}},{"start":{"line":72,"column":54},"end":{"line":72,"column":58}}]},"27":{"loc":{"start":{"line":72,"column":25},"end":{"line":72,"column":54}},"type":"cond-expr","locations":[{"start":{"line":72,"column":41},"end":{"line":72,"column":43}},{"start":{"line":72,"column":41},"end":{"line":72,"column":54}}]},"28":{"loc":{"start":{"line":72,"column":25},"end":{"line":72,"column":43}},"type":"binary-expr","locations":[{"start":{"line":72,"column":25},"end":{"line":72,"column":43}},{"start":{"line":72,"column":41},"end":{"line":72,"column":43}}]},"29":{"loc":{"start":{"line":72,"column":25},"end":{"line":72,"column":41}},"type":"cond-expr","locations":[{"start":{"line":72,"column":31},"end":{"line":72,"column":33}},{"start":{"line":72,"column":25},"end":{"line":72,"column":41}}]},"30":{"loc":{"start":{"line":72,"column":25},"end":{"line":72,"column":33}},"type":"binary-expr","locations":[{"start":{"line":72,"column":25},"end":{"line":72,"column":33}},{"start":{"line":72,"column":25},"end":{"line":72,"column":33}}]},"31":{"loc":{"start":{"line":73,"column":30},"end":{"line":73,"column":63}},"type":"cond-expr","locations":[{"start":{"line":73,"column":57},"end":{"line":73,"column":61}},{"start":{"line":73,"column":61},"end":{"line":73,"column":63}}]},"32":{"loc":{"start":{"line":73,"column":30},"end":{"line":73,"column":61}},"type":"binary-expr","locations":[{"start":{"line":73,"column":30},"end":{"line":73,"column":61}},{"start":{"line":73,"column":57},"end":{"line":73,"column":61}}]},"33":{"loc":{"start":{"line":73,"column":30},"end":{"line":73,"column":57}},"type":"cond-expr","locations":[{"start":{"line":73,"column":46},"end":{"line":73,"column":48}},{"start":{"line":73,"column":46},"end":{"line":73,"column":57}}]},"34":{"loc":{"start":{"line":73,"column":30},"end":{"line":73,"column":48}},"type":"binary-expr","locations":[{"start":{"line":73,"column":30},"end":{"line":73,"column":48}},{"start":{"line":73,"column":46},"end":{"line":73,"column":48}}]},"35":{"loc":{"start":{"line":73,"column":30},"end":{"line":73,"column":46}},"type":"cond-expr","locations":[{"start":{"line":73,"column":36},"end":{"line":73,"column":38}},{"start":{"line":73,"column":30},"end":{"line":73,"column":46}}]},"36":{"loc":{"start":{"line":73,"column":30},"end":{"line":73,"column":38}},"type":"binary-expr","locations":[{"start":{"line":73,"column":30},"end":{"line":73,"column":38}},{"start":{"line":73,"column":30},"end":{"line":73,"column":38}}]},"37":{"loc":{"start":{"line":84,"column":22},"end":{"line":84,"column":45}},"type":"cond-expr","locations":[{"start":{"line":84,"column":34},"end":{"line":84,"column":38}},{"start":{"line":84,"column":38},"end":{"line":84,"column":45}}]},"38":{"loc":{"start":{"line":84,"column":22},"end":{"line":84,"column":38}},"type":"binary-expr","locations":[{"start":{"line":84,"column":22},"end":{"line":84,"column":38}},{"start":{"line":84,"column":34},"end":{"line":84,"column":38}}]},"39":{"loc":{"start":{"line":85,"column":25},"end":{"line":85,"column":59}},"type":"cond-expr","locations":[{"start":{"line":85,"column":48},"end":{"line":85,"column":52}},{"start":{"line":85,"column":52},"end":{"line":85,"column":59}}]},"40":{"loc":{"start":{"line":85,"column":25},"end":{"line":85,"column":52}},"type":"binary-expr","locations":[{"start":{"line":85,"column":25},"end":{"line":85,"column":52}},{"start":{"line":85,"column":48},"end":{"line":85,"column":52}}]},"41":{"loc":{"start":{"line":87,"column":27},"end":{"line":87,"column":99}},"type":"cond-expr","locations":[{"start":{"line":87,"column":68},"end":{"line":87,"column":72}},{"start":{"line":87,"column":72},"end":{"line":87,"column":99}}]},"42":{"loc":{"start":{"line":87,"column":27},"end":{"line":87,"column":72}},"type":"binary-expr","locations":[{"start":{"line":87,"column":27},"end":{"line":87,"column":72}},{"start":{"line":87,"column":68},"end":{"line":87,"column":72}}]},"43":{"loc":{"start":{"line":87,"column":27},"end":{"line":87,"column":68}},"type":"cond-expr","locations":[{"start":{"line":87,"column":57},"end":{"line":87,"column":60}},{"start":{"line":87,"column":57},"end":{"line":87,"column":68}}]},"44":{"loc":{"start":{"line":87,"column":27},"end":{"line":87,"column":60}},"type":"binary-expr","locations":[{"start":{"line":87,"column":27},"end":{"line":87,"column":60}},{"start":{"line":87,"column":57},"end":{"line":87,"column":60}}]},"45":{"loc":{"start":{"line":88,"column":26},"end":{"line":88,"column":71}},"type":"cond-expr","locations":[{"start":{"line":88,"column":60},"end":{"line":88,"column":63}},{"start":{"line":88,"column":60},"end":{"line":88,"column":71}}]},"46":{"loc":{"start":{"line":88,"column":26},"end":{"line":88,"column":63}},"type":"binary-expr","locations":[{"start":{"line":88,"column":26},"end":{"line":88,"column":63}},{"start":{"line":88,"column":60},"end":{"line":88,"column":63}}]},"47":{"loc":{"start":{"line":88,"column":26},"end":{"line":88,"column":60}},"type":"cond-expr","locations":[{"start":{"line":88,"column":50},"end":{"line":88,"column":52}},{"start":{"line":88,"column":50},"end":{"line":88,"column":60}}]},"48":{"loc":{"start":{"line":88,"column":26},"end":{"line":88,"column":52}},"type":"binary-expr","locations":[{"start":{"line":88,"column":26},"end":{"line":88,"column":52}},{"start":{"line":88,"column":50},"end":{"line":88,"column":52}}]},"49":{"loc":{"start":{"line":90,"column":25},"end":{"line":90,"column":67}},"type":"cond-expr","locations":[{"start":{"line":90,"column":44},"end":{"line":90,"column":48}},{"start":{"line":90,"column":48},"end":{"line":90,"column":67}}]},"50":{"loc":{"start":{"line":90,"column":25},"end":{"line":90,"column":48}},"type":"binary-expr","locations":[{"start":{"line":90,"column":25},"end":{"line":90,"column":48}},{"start":{"line":90,"column":44},"end":{"line":90,"column":48}}]},"51":{"loc":{"start":{"line":90,"column":25},"end":{"line":90,"column":44}},"type":"cond-expr","locations":[{"start":{"line":90,"column":34},"end":{"line":90,"column":36}},{"start":{"line":90,"column":25},"end":{"line":90,"column":44}}]},"52":{"loc":{"start":{"line":90,"column":25},"end":{"line":90,"column":36}},"type":"binary-expr","locations":[{"start":{"line":90,"column":25},"end":{"line":90,"column":36}},{"start":{"line":90,"column":25},"end":{"line":90,"column":36}}]},"53":{"loc":{"start":{"line":91,"column":26},"end":{"line":91,"column":70}},"type":"cond-expr","locations":[{"start":{"line":91,"column":46},"end":{"line":91,"column":50}},{"start":{"line":91,"column":50},"end":{"line":91,"column":70}}]},"54":{"loc":{"start":{"line":91,"column":26},"end":{"line":91,"column":50}},"type":"binary-expr","locations":[{"start":{"line":91,"column":26},"end":{"line":91,"column":50}},{"start":{"line":91,"column":46},"end":{"line":91,"column":50}}]},"55":{"loc":{"start":{"line":91,"column":26},"end":{"line":91,"column":46}},"type":"cond-expr","locations":[{"start":{"line":91,"column":35},"end":{"line":91,"column":37}},{"start":{"line":91,"column":26},"end":{"line":91,"column":46}}]},"56":{"loc":{"start":{"line":91,"column":26},"end":{"line":91,"column":37}},"type":"binary-expr","locations":[{"start":{"line":91,"column":26},"end":{"line":91,"column":37}},{"start":{"line":91,"column":26},"end":{"line":91,"column":37}}]},"57":{"loc":{"start":{"line":92,"column":30},"end":{"line":92,"column":82}},"type":"cond-expr","locations":[{"start":{"line":92,"column":54},"end":{"line":92,"column":58}},{"start":{"line":92,"column":58},"end":{"line":92,"column":82}}]},"58":{"loc":{"start":{"line":92,"column":30},"end":{"line":92,"column":58}},"type":"binary-expr","locations":[{"start":{"line":92,"column":30},"end":{"line":92,"column":58}},{"start":{"line":92,"column":54},"end":{"line":92,"column":58}}]},"59":{"loc":{"start":{"line":92,"column":30},"end":{"line":92,"column":54}},"type":"cond-expr","locations":[{"start":{"line":92,"column":39},"end":{"line":92,"column":41}},{"start":{"line":92,"column":30},"end":{"line":92,"column":54}}]},"60":{"loc":{"start":{"line":92,"column":30},"end":{"line":92,"column":41}},"type":"binary-expr","locations":[{"start":{"line":92,"column":30},"end":{"line":92,"column":41}},{"start":{"line":92,"column":30},"end":{"line":92,"column":41}}]},"61":{"loc":{"start":{"line":93,"column":28},"end":{"line":93,"column":76}},"type":"cond-expr","locations":[{"start":{"line":93,"column":50},"end":{"line":93,"column":54}},{"start":{"line":93,"column":54},"end":{"line":93,"column":76}}]},"62":{"loc":{"start":{"line":93,"column":28},"end":{"line":93,"column":54}},"type":"binary-expr","locations":[{"start":{"line":93,"column":28},"end":{"line":93,"column":54}},{"start":{"line":93,"column":50},"end":{"line":93,"column":54}}]},"63":{"loc":{"start":{"line":93,"column":28},"end":{"line":93,"column":50}},"type":"cond-expr","locations":[{"start":{"line":93,"column":37},"end":{"line":93,"column":39}},{"start":{"line":93,"column":28},"end":{"line":93,"column":50}}]},"64":{"loc":{"start":{"line":93,"column":28},"end":{"line":93,"column":39}},"type":"binary-expr","locations":[{"start":{"line":93,"column":28},"end":{"line":93,"column":39}},{"start":{"line":93,"column":28},"end":{"line":93,"column":39}}]},"65":{"loc":{"start":{"line":98,"column":16},"end":{"line":98,"column":44}},"type":"cond-expr","locations":[{"start":{"line":98,"column":39},"end":{"line":98,"column":43}},{"start":{"line":98,"column":43},"end":{"line":98,"column":44}}]},"66":{"loc":{"start":{"line":98,"column":16},"end":{"line":98,"column":43}},"type":"binary-expr","locations":[{"start":{"line":98,"column":16},"end":{"line":98,"column":43}},{"start":{"line":98,"column":39},"end":{"line":98,"column":43}}]},"67":{"loc":{"start":{"line":100,"column":8},"end":{"line":102,"column":9}},"type":"if","locations":[{"start":{"line":100,"column":8},"end":{"line":102,"column":9}}]},"68":{"loc":{"start":{"line":100,"column":12},"end":{"line":100,"column":31}},"type":"cond-expr","locations":[{"start":{"line":100,"column":21},"end":{"line":100,"column":23}},{"start":{"line":100,"column":12},"end":{"line":100,"column":31}}]},"69":{"loc":{"start":{"line":100,"column":12},"end":{"line":100,"column":23}},"type":"binary-expr","locations":[{"start":{"line":100,"column":12},"end":{"line":100,"column":23}},{"start":{"line":100,"column":12},"end":{"line":100,"column":23}}]},"70":{"loc":{"start":{"line":108,"column":25},"end":{"line":108,"column":59}},"type":"cond-expr","locations":[{"start":{"line":108,"column":48},"end":{"line":108,"column":52}},{"start":{"line":108,"column":52},"end":{"line":108,"column":59}}]},"71":{"loc":{"start":{"line":108,"column":25},"end":{"line":108,"column":52}},"type":"binary-expr","locations":[{"start":{"line":108,"column":25},"end":{"line":108,"column":52}},{"start":{"line":108,"column":48},"end":{"line":108,"column":52}}]},"72":{"loc":{"start":{"line":115,"column":25},"end":{"line":115,"column":68}},"type":"cond-expr","locations":[{"start":{"line":115,"column":57},"end":{"line":115,"column":60}},{"start":{"line":115,"column":57},"end":{"line":115,"column":68}}]},"73":{"loc":{"start":{"line":115,"column":25},"end":{"line":115,"column":60}},"type":"binary-expr","locations":[{"start":{"line":115,"column":25},"end":{"line":115,"column":60}},{"start":{"line":115,"column":57},"end":{"line":115,"column":60}}]},"74":{"loc":{"start":{"line":115,"column":25},"end":{"line":115,"column":57}},"type":"cond-expr","locations":[{"start":{"line":115,"column":49},"end":{"line":115,"column":51}},{"start":{"line":115,"column":49},"end":{"line":115,"column":57}}]},"75":{"loc":{"start":{"line":115,"column":25},"end":{"line":115,"column":51}},"type":"binary-expr","locations":[{"start":{"line":115,"column":25},"end":{"line":115,"column":51}},{"start":{"line":115,"column":49},"end":{"line":115,"column":51}}]},"76":{"loc":{"start":{"line":116,"column":23},"end":{"line":116,"column":83}},"type":"cond-expr","locations":[{"start":{"line":116,"column":65},"end":{"line":116,"column":69}},{"start":{"line":116,"column":69},"end":{"line":116,"column":83}}]},"77":{"loc":{"start":{"line":116,"column":23},"end":{"line":116,"column":69}},"type":"binary-expr","locations":[{"start":{"line":116,"column":23},"end":{"line":116,"column":69}},{"start":{"line":116,"column":65},"end":{"line":116,"column":69}}]},"78":{"loc":{"start":{"line":118,"column":29},"end":{"line":118,"column":74}},"type":"cond-expr","locations":[{"start":{"line":118,"column":51},"end":{"line":118,"column":55}},{"start":{"line":118,"column":55},"end":{"line":118,"column":74}}]},"79":{"loc":{"start":{"line":118,"column":29},"end":{"line":118,"column":55}},"type":"binary-expr","locations":[{"start":{"line":118,"column":29},"end":{"line":118,"column":55}},{"start":{"line":118,"column":51},"end":{"line":118,"column":55}}]},"80":{"loc":{"start":{"line":118,"column":29},"end":{"line":118,"column":51}},"type":"cond-expr","locations":[{"start":{"line":118,"column":37},"end":{"line":118,"column":39}},{"start":{"line":118,"column":29},"end":{"line":118,"column":51}}]},"81":{"loc":{"start":{"line":118,"column":29},"end":{"line":118,"column":39}},"type":"binary-expr","locations":[{"start":{"line":118,"column":29},"end":{"line":118,"column":39}},{"start":{"line":118,"column":29},"end":{"line":118,"column":39}}]},"82":{"loc":{"start":{"line":119,"column":27},"end":{"line":119,"column":68}},"type":"cond-expr","locations":[{"start":{"line":119,"column":47},"end":{"line":119,"column":51}},{"start":{"line":119,"column":51},"end":{"line":119,"column":68}}]},"83":{"loc":{"start":{"line":119,"column":27},"end":{"line":119,"column":51}},"type":"binary-expr","locations":[{"start":{"line":119,"column":27},"end":{"line":119,"column":51}},{"start":{"line":119,"column":47},"end":{"line":119,"column":51}}]},"84":{"loc":{"start":{"line":119,"column":27},"end":{"line":119,"column":47}},"type":"cond-expr","locations":[{"start":{"line":119,"column":35},"end":{"line":119,"column":37}},{"start":{"line":119,"column":27},"end":{"line":119,"column":47}}]},"85":{"loc":{"start":{"line":119,"column":27},"end":{"line":119,"column":37}},"type":"binary-expr","locations":[{"start":{"line":119,"column":27},"end":{"line":119,"column":37}},{"start":{"line":119,"column":27},"end":{"line":119,"column":37}}]},"86":{"loc":{"start":{"line":120,"column":37},"end":{"line":120,"column":72}},"type":"cond-expr","locations":[{"start":{"line":120,"column":56},"end":{"line":120,"column":60}},{"start":{"line":120,"column":60},"end":{"line":120,"column":72}}]},"87":{"loc":{"start":{"line":120,"column":37},"end":{"line":120,"column":60}},"type":"binary-expr","locations":[{"start":{"line":120,"column":37},"end":{"line":120,"column":60}},{"start":{"line":120,"column":56},"end":{"line":120,"column":60}}]},"88":{"loc":{"start":{"line":125,"column":8},"end":{"line":127,"column":9}},"type":"if","locations":[{"start":{"line":125,"column":8},"end":{"line":127,"column":9}}]},"89":{"loc":{"start":{"line":125,"column":12},"end":{"line":125,"column":30}},"type":"cond-expr","locations":[{"start":{"line":125,"column":20},"end":{"line":125,"column":22}},{"start":{"line":125,"column":12},"end":{"line":125,"column":30}}]},"90":{"loc":{"start":{"line":125,"column":12},"end":{"line":125,"column":22}},"type":"binary-expr","locations":[{"start":{"line":125,"column":12},"end":{"line":125,"column":22}},{"start":{"line":125,"column":12},"end":{"line":125,"column":22}}]},"91":{"loc":{"start":{"line":129,"column":23},"end":{"line":129,"column":51}},"type":"cond-expr","locations":[{"start":{"line":129,"column":46},"end":{"line":129,"column":50}},{"start":{"line":129,"column":50},"end":{"line":129,"column":51}}]},"92":{"loc":{"start":{"line":129,"column":23},"end":{"line":129,"column":50}},"type":"binary-expr","locations":[{"start":{"line":129,"column":23},"end":{"line":129,"column":50}},{"start":{"line":129,"column":46},"end":{"line":129,"column":50}}]},"93":{"loc":{"start":{"line":133,"column":22},"end":{"line":133,"column":45}},"type":"cond-expr","locations":[{"start":{"line":133,"column":34},"end":{"line":133,"column":38}},{"start":{"line":133,"column":38},"end":{"line":133,"column":45}}]},"94":{"loc":{"start":{"line":133,"column":22},"end":{"line":133,"column":38}},"type":"binary-expr","locations":[{"start":{"line":133,"column":22},"end":{"line":133,"column":38}},{"start":{"line":133,"column":34},"end":{"line":133,"column":38}}]},"95":{"loc":{"start":{"line":134,"column":25},"end":{"line":134,"column":59}},"type":"cond-expr","locations":[{"start":{"line":134,"column":48},"end":{"line":134,"column":52}},{"start":{"line":134,"column":52},"end":{"line":134,"column":59}}]},"96":{"loc":{"start":{"line":134,"column":25},"end":{"line":134,"column":52}},"type":"binary-expr","locations":[{"start":{"line":134,"column":25},"end":{"line":134,"column":52}},{"start":{"line":134,"column":48},"end":{"line":134,"column":52}}]},"97":{"loc":{"start":{"line":135,"column":25},"end":{"line":135,"column":55}},"type":"cond-expr","locations":[{"start":{"line":135,"column":44},"end":{"line":135,"column":48}},{"start":{"line":135,"column":51},"end":{"line":135,"column":55}}]},"98":{"loc":{"start":{"line":136,"column":33},"end":{"line":136,"column":63}},"type":"cond-expr","locations":[{"start":{"line":136,"column":52},"end":{"line":136,"column":56}},{"start":{"line":136,"column":59},"end":{"line":136,"column":63}}]},"99":{"loc":{"start":{"line":138,"column":22},"end":{"line":138,"column":76}},"type":"cond-expr","locations":[{"start":{"line":138,"column":42},"end":{"line":138,"column":45}},{"start":{"line":138,"column":48},"end":{"line":138,"column":76}}]},"100":{"loc":{"start":{"line":138,"column":48},"end":{"line":138,"column":76}},"type":"cond-expr","locations":[{"start":{"line":138,"column":67},"end":{"line":138,"column":70}},{"start":{"line":138,"column":73},"end":{"line":138,"column":76}}]},"101":{"loc":{"start":{"line":139,"column":24},"end":{"line":139,"column":82}},"type":"cond-expr","locations":[{"start":{"line":139,"column":44},"end":{"line":139,"column":48}},{"start":{"line":139,"column":51},"end":{"line":139,"column":82}}]},"102":{"loc":{"start":{"line":139,"column":51},"end":{"line":139,"column":82}},"type":"cond-expr","locations":[{"start":{"line":139,"column":70},"end":{"line":139,"column":75}},{"start":{"line":139,"column":78},"end":{"line":139,"column":82}}]},"103":{"loc":{"start":{"line":144,"column":13},"end":{"line":144,"column":36}},"type":"cond-expr","locations":[{"start":{"line":144,"column":31},"end":{"line":144,"column":35}},{"start":{"line":144,"column":35},"end":{"line":144,"column":36}}]},"104":{"loc":{"start":{"line":144,"column":13},"end":{"line":144,"column":35}},"type":"binary-expr","locations":[{"start":{"line":144,"column":13},"end":{"line":144,"column":35}},{"start":{"line":144,"column":31},"end":{"line":144,"column":35}}]},"105":{"loc":{"start":{"line":145,"column":13},"end":{"line":145,"column":41}},"type":"cond-expr","locations":[{"start":{"line":145,"column":36},"end":{"line":145,"column":40}},{"start":{"line":145,"column":40},"end":{"line":145,"column":41}}]},"106":{"loc":{"start":{"line":145,"column":13},"end":{"line":145,"column":40}},"type":"binary-expr","locations":[{"start":{"line":145,"column":13},"end":{"line":145,"column":40}},{"start":{"line":145,"column":36},"end":{"line":145,"column":40}}]},"107":{"loc":{"start":{"line":148,"column":16},"end":{"line":148,"column":44}},"type":"cond-expr","locations":[{"start":{"line":148,"column":39},"end":{"line":148,"column":43}},{"start":{"line":148,"column":43},"end":{"line":148,"column":44}}]},"108":{"loc":{"start":{"line":148,"column":16},"end":{"line":148,"column":43}},"type":"binary-expr","locations":[{"start":{"line":148,"column":16},"end":{"line":148,"column":43}},{"start":{"line":148,"column":39},"end":{"line":148,"column":43}}]},"109":{"loc":{"start":{"line":153,"column":25},"end":{"line":153,"column":63}},"type":"cond-expr","locations":[{"start":{"line":153,"column":48},"end":{"line":153,"column":52}},{"start":{"line":153,"column":52},"end":{"line":153,"column":63}}]},"110":{"loc":{"start":{"line":153,"column":25},"end":{"line":153,"column":52}},"type":"binary-expr","locations":[{"start":{"line":153,"column":25},"end":{"line":153,"column":52}},{"start":{"line":153,"column":48},"end":{"line":153,"column":52}}]},"111":{"loc":{"start":{"line":154,"column":25},"end":{"line":154,"column":76}},"type":"cond-expr","locations":[{"start":{"line":154,"column":48},"end":{"line":154,"column":52}},{"start":{"line":154,"column":52},"end":{"line":154,"column":76}}]},"112":{"loc":{"start":{"line":154,"column":25},"end":{"line":154,"column":52}},"type":"binary-expr","locations":[{"start":{"line":154,"column":25},"end":{"line":154,"column":52}},{"start":{"line":154,"column":48},"end":{"line":154,"column":52}}]},"113":{"loc":{"start":{"line":155,"column":25},"end":{"line":155,"column":70}},"type":"cond-expr","locations":[{"start":{"line":155,"column":59},"end":{"line":155,"column":62}},{"start":{"line":155,"column":59},"end":{"line":155,"column":70}}]},"114":{"loc":{"start":{"line":155,"column":25},"end":{"line":155,"column":62}},"type":"binary-expr","locations":[{"start":{"line":155,"column":25},"end":{"line":155,"column":62}},{"start":{"line":155,"column":59},"end":{"line":155,"column":62}}]},"115":{"loc":{"start":{"line":155,"column":25},"end":{"line":155,"column":59}},"type":"cond-expr","locations":[{"start":{"line":155,"column":49},"end":{"line":155,"column":51}},{"start":{"line":155,"column":49},"end":{"line":155,"column":59}}]},"116":{"loc":{"start":{"line":155,"column":25},"end":{"line":155,"column":51}},"type":"binary-expr","locations":[{"start":{"line":155,"column":25},"end":{"line":155,"column":51}},{"start":{"line":155,"column":49},"end":{"line":155,"column":51}}]},"117":{"loc":{"start":{"line":157,"column":25},"end":{"line":157,"column":71}},"type":"cond-expr","locations":[{"start":{"line":157,"column":64},"end":{"line":157,"column":68}},{"start":{"line":157,"column":68},"end":{"line":157,"column":71}}]},"118":{"loc":{"start":{"line":157,"column":25},"end":{"line":157,"column":68}},"type":"binary-expr","locations":[{"start":{"line":157,"column":25},"end":{"line":157,"column":68}},{"start":{"line":157,"column":64},"end":{"line":157,"column":68}}]},"119":{"loc":{"start":{"line":157,"column":25},"end":{"line":157,"column":64}},"type":"cond-expr","locations":[{"start":{"line":157,"column":43},"end":{"line":157,"column":47}},{"start":{"line":157,"column":47},"end":{"line":157,"column":64}}]},"120":{"loc":{"start":{"line":157,"column":25},"end":{"line":157,"column":47}},"type":"binary-expr","locations":[{"start":{"line":157,"column":25},"end":{"line":157,"column":47}},{"start":{"line":157,"column":43},"end":{"line":157,"column":47}}]},"121":{"loc":{"start":{"line":157,"column":25},"end":{"line":157,"column":43}},"type":"cond-expr","locations":[{"start":{"line":157,"column":33},"end":{"line":157,"column":35}},{"start":{"line":157,"column":25},"end":{"line":157,"column":43}}]},"122":{"loc":{"start":{"line":157,"column":25},"end":{"line":157,"column":35}},"type":"binary-expr","locations":[{"start":{"line":157,"column":25},"end":{"line":157,"column":35}},{"start":{"line":157,"column":25},"end":{"line":157,"column":35}}]},"123":{"loc":{"start":{"line":158,"column":26},"end":{"line":158,"column":74}},"type":"cond-expr","locations":[{"start":{"line":158,"column":67},"end":{"line":158,"column":71}},{"start":{"line":158,"column":71},"end":{"line":158,"column":74}}]},"124":{"loc":{"start":{"line":158,"column":26},"end":{"line":158,"column":71}},"type":"binary-expr","locations":[{"start":{"line":158,"column":26},"end":{"line":158,"column":71}},{"start":{"line":158,"column":67},"end":{"line":158,"column":71}}]},"125":{"loc":{"start":{"line":158,"column":26},"end":{"line":158,"column":67}},"type":"cond-expr","locations":[{"start":{"line":158,"column":45},"end":{"line":158,"column":49}},{"start":{"line":158,"column":49},"end":{"line":158,"column":67}}]},"126":{"loc":{"start":{"line":158,"column":26},"end":{"line":158,"column":49}},"type":"binary-expr","locations":[{"start":{"line":158,"column":26},"end":{"line":158,"column":49}},{"start":{"line":158,"column":45},"end":{"line":158,"column":49}}]},"127":{"loc":{"start":{"line":158,"column":26},"end":{"line":158,"column":45}},"type":"cond-expr","locations":[{"start":{"line":158,"column":34},"end":{"line":158,"column":36}},{"start":{"line":158,"column":26},"end":{"line":158,"column":45}}]},"128":{"loc":{"start":{"line":158,"column":26},"end":{"line":158,"column":36}},"type":"binary-expr","locations":[{"start":{"line":158,"column":26},"end":{"line":158,"column":36}},{"start":{"line":158,"column":26},"end":{"line":158,"column":36}}]},"129":{"loc":{"start":{"line":159,"column":30},"end":{"line":159,"column":85}},"type":"cond-expr","locations":[{"start":{"line":159,"column":79},"end":{"line":159,"column":83}},{"start":{"line":159,"column":83},"end":{"line":159,"column":85}}]},"130":{"loc":{"start":{"line":159,"column":30},"end":{"line":159,"column":83}},"type":"binary-expr","locations":[{"start":{"line":159,"column":30},"end":{"line":159,"column":83}},{"start":{"line":159,"column":79},"end":{"line":159,"column":83}}]},"131":{"loc":{"start":{"line":159,"column":30},"end":{"line":159,"column":79}},"type":"cond-expr","locations":[{"start":{"line":159,"column":53},"end":{"line":159,"column":57}},{"start":{"line":159,"column":57},"end":{"line":159,"column":79}}]},"132":{"loc":{"start":{"line":159,"column":30},"end":{"line":159,"column":57}},"type":"binary-expr","locations":[{"start":{"line":159,"column":30},"end":{"line":159,"column":57}},{"start":{"line":159,"column":53},"end":{"line":159,"column":57}}]},"133":{"loc":{"start":{"line":159,"column":30},"end":{"line":159,"column":53}},"type":"cond-expr","locations":[{"start":{"line":159,"column":38},"end":{"line":159,"column":40}},{"start":{"line":159,"column":30},"end":{"line":159,"column":53}}]},"134":{"loc":{"start":{"line":159,"column":30},"end":{"line":159,"column":40}},"type":"binary-expr","locations":[{"start":{"line":159,"column":30},"end":{"line":159,"column":40}},{"start":{"line":159,"column":30},"end":{"line":159,"column":40}}]},"135":{"loc":{"start":{"line":160,"column":28},"end":{"line":160,"column":81}},"type":"cond-expr","locations":[{"start":{"line":160,"column":73},"end":{"line":160,"column":77}},{"start":{"line":160,"column":77},"end":{"line":160,"column":81}}]},"136":{"loc":{"start":{"line":160,"column":28},"end":{"line":160,"column":77}},"type":"binary-expr","locations":[{"start":{"line":160,"column":28},"end":{"line":160,"column":77}},{"start":{"line":160,"column":73},"end":{"line":160,"column":77}}]},"137":{"loc":{"start":{"line":160,"column":28},"end":{"line":160,"column":73}},"type":"cond-expr","locations":[{"start":{"line":160,"column":49},"end":{"line":160,"column":53}},{"start":{"line":160,"column":53},"end":{"line":160,"column":73}}]},"138":{"loc":{"start":{"line":160,"column":28},"end":{"line":160,"column":53}},"type":"binary-expr","locations":[{"start":{"line":160,"column":28},"end":{"line":160,"column":53}},{"start":{"line":160,"column":49},"end":{"line":160,"column":53}}]},"139":{"loc":{"start":{"line":160,"column":28},"end":{"line":160,"column":49}},"type":"cond-expr","locations":[{"start":{"line":160,"column":36},"end":{"line":160,"column":38}},{"start":{"line":160,"column":28},"end":{"line":160,"column":49}}]},"140":{"loc":{"start":{"line":160,"column":28},"end":{"line":160,"column":38}},"type":"binary-expr","locations":[{"start":{"line":160,"column":28},"end":{"line":160,"column":38}},{"start":{"line":160,"column":28},"end":{"line":160,"column":38}}]},"141":{"loc":{"start":{"line":164,"column":28},"end":{"line":164,"column":78}},"type":"cond-expr","locations":[{"start":{"line":164,"column":64},"end":{"line":164,"column":68}},{"start":{"line":164,"column":68},"end":{"line":164,"column":78}}]},"142":{"loc":{"start":{"line":164,"column":28},"end":{"line":164,"column":68}},"type":"binary-expr","locations":[{"start":{"line":164,"column":28},"end":{"line":164,"column":68}},{"start":{"line":164,"column":64},"end":{"line":164,"column":68}}]},"143":{"loc":{"start":{"line":164,"column":28},"end":{"line":164,"column":64}},"type":"cond-expr","locations":[{"start":{"line":164,"column":51},"end":{"line":164,"column":53}},{"start":{"line":164,"column":51},"end":{"line":164,"column":64}}]},"144":{"loc":{"start":{"line":164,"column":28},"end":{"line":164,"column":53}},"type":"binary-expr","locations":[{"start":{"line":164,"column":28},"end":{"line":164,"column":53}},{"start":{"line":164,"column":51},"end":{"line":164,"column":53}}]},"145":{"loc":{"start":{"line":165,"column":35},"end":{"line":169,"column":10}},"type":"cond-expr","locations":[{"start":{"line":165,"column":63},"end":{"line":165,"column":67}},{"start":{"line":165,"column":67},"end":{"line":169,"column":10}}]},"146":{"loc":{"start":{"line":165,"column":35},"end":{"line":165,"column":67}},"type":"binary-expr","locations":[{"start":{"line":165,"column":35},"end":{"line":165,"column":67}},{"start":{"line":165,"column":63},"end":{"line":165,"column":67}}]},"147":{"loc":{"start":{"line":165,"column":35},"end":{"line":165,"column":63}},"type":"cond-expr","locations":[{"start":{"line":165,"column":43},"end":{"line":165,"column":45}},{"start":{"line":165,"column":35},"end":{"line":165,"column":63}}]},"148":{"loc":{"start":{"line":165,"column":35},"end":{"line":165,"column":45}},"type":"binary-expr","locations":[{"start":{"line":165,"column":35},"end":{"line":165,"column":45}},{"start":{"line":165,"column":35},"end":{"line":165,"column":45}}]},"149":{"loc":{"start":{"line":172,"column":8},"end":{"line":174,"column":9}},"type":"if","locations":[{"start":{"line":172,"column":8},"end":{"line":174,"column":9}}]},"150":{"loc":{"start":{"line":172,"column":12},"end":{"line":172,"column":46}},"type":"cond-expr","locations":[{"start":{"line":172,"column":35},"end":{"line":172,"column":37}},{"start":{"line":172,"column":35},"end":{"line":172,"column":46}}]},"151":{"loc":{"start":{"line":172,"column":12},"end":{"line":172,"column":37}},"type":"binary-expr","locations":[{"start":{"line":172,"column":12},"end":{"line":172,"column":37}},{"start":{"line":172,"column":35},"end":{"line":172,"column":37}}]},"152":{"loc":{"start":{"line":173,"column":20},"end":{"line":173,"column":56}},"type":"cond-expr","locations":[{"start":{"line":173,"column":46},"end":{"line":173,"column":49}},{"start":{"line":173,"column":52},"end":{"line":173,"column":56}}]},"153":{"loc":{"start":{"line":175,"column":8},"end":{"line":177,"column":9}},"type":"if","locations":[{"start":{"line":175,"column":8},"end":{"line":177,"column":9}}]},"154":{"loc":{"start":{"line":175,"column":12},"end":{"line":175,"column":51}},"type":"cond-expr","locations":[{"start":{"line":175,"column":35},"end":{"line":175,"column":37}},{"start":{"line":175,"column":35},"end":{"line":175,"column":51}}]},"155":{"loc":{"start":{"line":175,"column":12},"end":{"line":175,"column":37}},"type":"binary-expr","locations":[{"start":{"line":175,"column":12},"end":{"line":175,"column":37}},{"start":{"line":175,"column":35},"end":{"line":175,"column":37}}]},"156":{"loc":{"start":{"line":178,"column":8},"end":{"line":181,"column":9}},"type":"if","locations":[{"start":{"line":178,"column":8},"end":{"line":181,"column":9}}]},"157":{"loc":{"start":{"line":178,"column":12},"end":{"line":178,"column":47}},"type":"cond-expr","locations":[{"start":{"line":178,"column":35},"end":{"line":178,"column":37}},{"start":{"line":178,"column":35},"end":{"line":178,"column":47}}]},"158":{"loc":{"start":{"line":178,"column":12},"end":{"line":178,"column":37}},"type":"binary-expr","locations":[{"start":{"line":178,"column":12},"end":{"line":178,"column":37}},{"start":{"line":178,"column":35},"end":{"line":178,"column":37}}]},"159":{"loc":{"start":{"line":179,"column":33},"end":{"line":179,"column":97}},"type":"cond-expr","locations":[{"start":{"line":179,"column":59},"end":{"line":179,"column":62}},{"start":{"line":179,"column":65},"end":{"line":179,"column":97}}]},"160":{"loc":{"start":{"line":179,"column":65},"end":{"line":179,"column":97}},"type":"cond-expr","locations":[{"start":{"line":179,"column":87},"end":{"line":179,"column":90}},{"start":{"line":179,"column":93},"end":{"line":179,"column":97}}]},"161":{"loc":{"start":{"line":183,"column":16},"end":{"line":183,"column":44}},"type":"cond-expr","locations":[{"start":{"line":183,"column":39},"end":{"line":183,"column":43}},{"start":{"line":183,"column":43},"end":{"line":183,"column":44}}]},"162":{"loc":{"start":{"line":183,"column":16},"end":{"line":183,"column":43}},"type":"binary-expr","locations":[{"start":{"line":183,"column":16},"end":{"line":183,"column":43}},{"start":{"line":183,"column":39},"end":{"line":183,"column":43}}]},"163":{"loc":{"start":{"line":190,"column":8},"end":{"line":190,"column":32}},"type":"if","locations":[{"start":{"line":190,"column":8},"end":{"line":190,"column":32}}]},"164":{"loc":{"start":{"line":192,"column":8},"end":{"line":192,"column":47}},"type":"if","locations":[{"start":{"line":192,"column":8},"end":{"line":192,"column":47}}]},"165":{"loc":{"start":{"line":193,"column":8},"end":{"line":193,"column":45}},"type":"if","locations":[{"start":{"line":193,"column":8},"end":{"line":193,"column":45}}]},"166":{"loc":{"start":{"line":194,"column":8},"end":{"line":194,"column":45}},"type":"if","locations":[{"start":{"line":194,"column":8},"end":{"line":194,"column":45}}]}},"s":{"0":2,"1":2,"2":2,"3":2,"4":2,"5":2,"6":2,"7":0,"8":2,"9":0,"10":2,"11":0,"12":2,"13":0,"14":0,"15":0,"16":0,"17":0,"18":0,"19":0,"20":0,"21":0,"22":0,"23":0,"24":0,"25":0,"26":0,"27":0,"28":0,"29":0,"30":0,"31":0,"32":0,"33":2,"34":2,"35":2,"36":2,"37":2,"38":2,"39":2,"40":2,"41":2,"42":2,"43":2,"44":2,"45":2,"46":0,"47":2,"48":0,"49":0,"50":0,"51":0,"52":0,"53":0,"54":0,"55":0,"56":0,"57":0,"58":0,"59":0,"60":0,"61":0,"62":0,"63":0,"64":0,"65":0,"66":0,"67":0,"68":0,"69":0,"70":0,"71":0,"72":0,"73":0,"74":0,"75":0,"76":0,"77":0,"78":0,"79":0,"80":0,"81":0,"82":0,"83":0,"84":0,"85":0,"86":0,"87":0,"88":0,"89":2,"90":2,"91":2,"92":2,"93":0,"94":0,"95":0,"96":0,"97":0,"98":0,"99":0,"100":2,"101":2},"f":{"0":2,"1":0,"2":0,"3":2,"4":0,"5":0,"6":0,"7":2},"b":{"0":[2,0],"1":[2,2],"2":[0],"3":[0],"4":[2,0],"5":[0],"6":[0,0],"7":[0,0],"8":[0],"9":[0,0],"10":[0,0],"11":[0,0],"12":[0],"13":[0,0],"14":[0,0],"15":[0],"16":[0,0],"17":[0,0],"18":[0,0],"19":[0,0],"20":[0],"21":[0,0],"22":[0,0],"23":[0],"24":[0,0],"25":[0,0],"26":[0,0],"27":[0,0],"28":[0,0],"29":[0,0],"30":[0,0],"31":[0,0],"32":[0,0],"33":[0,0],"34":[0,0],"35":[0,0],"36":[0,0],"37":[2,0],"38":[2,2],"39":[2,0],"40":[2,2],"41":[2,0],"42":[2,2],"43":[0,2],"44":[2,2],"45":[2,0],"46":[2,2],"47":[2,0],"48":[2,2],"49":[0,2],"50":[2,2],"51":[2,0],"52":[2,2],"53":[0,2],"54":[2,2],"55":[2,0],"56":[2,2],"57":[0,2],"58":[2,2],"59":[2,0],"60":[2,2],"61":[0,2],"62":[2,2],"63":[2,0],"64":[2,2],"65":[0,2],"66":[2,2],"67":[0],"68":[2,0],"69":[2,2],"70":[0,0],"71":[0,0],"72":[0,0],"73":[0,0],"74":[0,0],"75":[0,0],"76":[0,0],"77":[0,0],"78":[0,0],"79":[0,0],"80":[0,0],"81":[0,0],"82":[0,0],"83":[0,0],"84":[0,0],"85":[0,0],"86":[0,0],"87":[0,0],"88":[0],"89":[0,0],"90":[0,0],"91":[0,0],"92":[0,0],"93":[0,0],"94":[0,0],"95":[0,0],"96":[0,0],"97":[0,0],"98":[0,0],"99":[0,0],"100":[0,0],"101":[0,0],"102":[0,0],"103":[0,0],"104":[0,0],"105":[0,0],"106":[0,0],"107":[0,0],"108":[0,0],"109":[0,0],"110":[0,0],"111":[0,0],"112":[0,0],"113":[0,0],"114":[0,0],"115":[0,0],"116":[0,0],"117":[0,0],"118":[0,0],"119":[0,0],"120":[0,0],"121":[0,0],"122":[0,0],"123":[0,0],"124":[0,0],"125":[0,0],"126":[0,0],"127":[0,0],"128":[0,0],"129":[0,0],"130":[0,0],"131":[0,0],"132":[0,0],"133":[0,0],"134":[0,0],"135":[0,0],"136":[0,0],"137":[0,0],"138":[0,0],"139":[0,0],"140":[0,0],"141":[0,0],"142":[0,0],"143":[0,0],"144":[0,0],"145":[0,0],"146":[0,0],"147":[0,0],"148":[0,0],"149":[0],"150":[0,0],"151":[0,0],"152":[0,0],"153":[0],"154":[0,0],"155":[0,0],"156":[0],"157":[0,0],"158":[0,0],"159":[0,0],"160":[0,0],"161":[0,0],"162":[0,0],"163":[2],"164":[0],"165":[0],"166":[0]}}
}
