TN:
SF:src\services\LoyaltyService.ts
FN:53,(anonymous_7)
FN:69,(anonymous_9)
FN:78,(anonymous_11)
FN:78,(anonymous_12)
FN:128,(anonymous_13)
FN:136,(anonymous_15)
FN:136,(anonymous_16)
FN:142,(anonymous_17)
FN:148,(anonymous_18)
FN:154,(anonymous_20)
FN:154,(anonymous_21)
FN:200,(anonymous_22)
FN:206,(anonymous_24)
FN:212,(anonymous_25)
FN:223,(anonymous_27)
FN:224,(anonymous_28)
FN:232,(anonymous_29)
FN:239,(anonymous_30)
FNF:18
FNH:8
FNDA:2,(anonymous_7)
FNDA:2,(anonymous_9)
FNDA:2,(anonymous_11)
FNDA:2,(anonymous_12)
FNDA:0,(anonymous_13)
FNDA:0,(anonymous_15)
FNDA:0,(anonymous_16)
FNDA:0,(anonymous_17)
FNDA:3,(anonymous_18)
FNDA:3,(anonymous_20)
FNDA:3,(anonymous_21)
FNDA:0,(anonymous_22)
FNDA:0,(anonymous_24)
FNDA:0,(anonymous_25)
FNDA:0,(anonymous_27)
FNDA:0,(anonymous_28)
FNDA:2,(anonymous_29)
FNDA:0,(anonymous_30)
DA:1,1
DA:5,1
DA:31,1
DA:37,1
DA:45,1
DA:54,2
DA:56,2
DA:60,2
DA:70,2
DA:71,2
DA:72,2
DA:74,2
DA:76,2
DA:78,2
DA:79,2
DA:82,2
DA:83,1
DA:93,1
DA:94,1
DA:95,1
DA:96,1
DA:97,1
DA:101,2
DA:102,2
DA:103,1
DA:104,1
DA:107,2
DA:109,2
DA:113,2
DA:122,2
DA:129,0
DA:130,0
DA:136,0
DA:137,0
DA:142,0
DA:149,3
DA:150,3
DA:152,3
DA:154,3
DA:155,3
DA:157,3
DA:158,3
DA:160,3
DA:161,1
DA:165,2
DA:166,2
DA:168,2
DA:172,2
DA:181,2
DA:184,2
DA:194,2
DA:201,0
DA:206,0
DA:213,0
DA:224,0
DA:233,2
DA:234,2
DA:235,2
DA:236,1
DA:240,0
DA:246,0
DA:250,1
LF:62
LH:51
BRDA:54,0,0,2
BRDA:54,0,1,0
BRDA:56,1,0,0
BRDA:56,1,1,2
BRDA:61,2,0,2
BRDA:61,2,1,0
BRDA:61,3,0,2
BRDA:61,3,1,2
BRDA:61,4,0,2
BRDA:61,4,1,0
BRDA:61,5,0,2
BRDA:61,5,1,2
BRDA:61,6,0,0
BRDA:61,6,1,2
BRDA:61,7,0,2
BRDA:61,7,1,2
BRDA:61,8,0,0
BRDA:61,8,1,2
BRDA:61,9,0,2
BRDA:61,9,1,2
BRDA:62,10,0,2
BRDA:62,10,1,0
BRDA:62,11,0,2
BRDA:62,11,1,2
BRDA:62,12,0,0
BRDA:62,12,1,2
BRDA:62,13,0,2
BRDA:62,13,1,2
BRDA:62,14,0,0
BRDA:62,14,1,2
BRDA:62,15,0,2
BRDA:62,15,1,2
BRDA:74,16,0,0
BRDA:82,17,0,1
BRDA:82,17,1,1
BRDA:102,18,0,1
BRDA:130,19,0,0
BRDA:130,19,1,0
BRDA:136,20,0,0
BRDA:150,21,0,0
BRDA:157,22,0,0
BRDA:160,23,0,1
BRDA:233,24,0,0
BRDA:233,25,0,2
BRDA:233,25,1,0
BRDA:233,26,0,2
BRDA:233,26,1,2
BRDA:234,27,0,0
BRDA:234,28,0,2
BRDA:234,28,1,0
BRDA:234,29,0,2
BRDA:234,29,1,2
BRDA:235,30,0,1
BRDA:235,31,0,2
BRDA:235,31,1,0
BRDA:235,32,0,2
BRDA:235,32,1,2
BRDA:246,33,0,0
BRDA:246,33,1,0
BRF:59
BRH:37
end_of_record
