TN:
SF:src\services\pricing\NigeriaPricingStrategy.ts
FN:33,(anonymous_7)
FN:51,(anonymous_9)
FN:66,(anonymous_10)
FN:82,(anonymous_11)
FN:107,(anonymous_12)
FN:132,(anonymous_13)
FN:152,(anonymous_14)
FN:187,(anonymous_15)
FNF:8
FNH:3
FNDA:2,(anonymous_7)
FNDA:0,(anonymous_9)
FNDA:0,(anonymous_10)
FNDA:2,(anonymous_11)
FNDA:0,(anonymous_12)
FNDA:0,(anonymous_13)
FNDA:0,(anonymous_14)
FNDA:2,(anonymous_15)
DA:9,2
DA:22,2
DA:28,2
DA:29,2
DA:30,2
DA:32,2
DA:34,2
DA:36,2
DA:37,0
DA:40,2
DA:41,0
DA:44,2
DA:45,0
DA:48,2
DA:52,0
DA:53,0
DA:54,0
DA:56,0
DA:57,0
DA:58,0
DA:60,0
DA:61,0
DA:63,0
DA:67,0
DA:68,0
DA:70,0
DA:71,0
DA:72,0
DA:73,0
DA:74,0
DA:75,0
DA:78,0
DA:79,0
DA:83,2
DA:84,2
DA:85,2
DA:87,2
DA:88,2
DA:90,2
DA:91,2
DA:92,2
DA:93,2
DA:95,2
DA:97,2
DA:98,2
DA:100,2
DA:101,0
DA:104,2
DA:108,0
DA:109,0
DA:115,0
DA:116,0
DA:118,0
DA:119,0
DA:120,0
DA:122,0
DA:123,0
DA:125,0
DA:126,0
DA:129,0
DA:133,0
DA:134,0
DA:135,0
DA:136,0
DA:138,0
DA:139,0
DA:142,0
DA:148,0
DA:149,0
DA:153,0
DA:154,0
DA:155,0
DA:157,0
DA:158,0
DA:159,0
DA:160,0
DA:162,0
DA:164,0
DA:165,0
DA:170,0
DA:172,0
DA:173,0
DA:175,0
DA:176,0
DA:178,0
DA:179,0
DA:180,0
DA:183,0
DA:184,0
DA:188,2
DA:189,2
DA:190,2
DA:192,0
DA:193,0
DA:194,0
DA:196,0
DA:200,2
LF:97
LH:29
BRDA:34,0,0,2
BRDA:34,0,1,0
BRDA:34,1,0,2
BRDA:34,1,1,2
BRDA:36,2,0,0
BRDA:40,3,0,0
BRDA:40,4,0,2
BRDA:40,4,1,0
BRDA:44,5,0,0
BRDA:52,6,0,0
BRDA:52,6,1,0
BRDA:52,7,0,0
BRDA:52,7,1,0
BRDA:53,8,0,0
BRDA:53,9,0,0
BRDA:53,9,1,0
BRDA:54,10,0,0
BRDA:54,10,1,0
BRDA:54,11,0,0
BRDA:54,11,1,0
BRDA:56,12,0,0
BRDA:57,13,0,0
BRDA:57,13,1,0
BRDA:57,14,0,0
BRDA:57,14,1,0
BRDA:60,15,0,0
BRDA:61,16,0,0
BRDA:61,16,1,0
BRDA:61,17,0,0
BRDA:61,17,1,0
BRDA:63,18,0,0
BRDA:63,18,1,0
BRDA:63,19,0,0
BRDA:63,19,1,0
BRDA:67,20,0,0
BRDA:68,21,0,0
BRDA:68,21,1,0
BRDA:68,22,0,0
BRDA:68,22,1,0
BRDA:70,23,0,0
BRDA:70,24,0,0
BRDA:70,24,1,0
BRDA:72,25,0,0
BRDA:72,25,1,0
BRDA:72,26,0,0
BRDA:72,26,1,0
BRDA:72,27,0,0
BRDA:72,27,1,0
BRDA:72,28,0,0
BRDA:72,28,1,0
BRDA:72,29,0,0
BRDA:72,29,1,0
BRDA:72,30,0,0
BRDA:72,30,1,0
BRDA:73,31,0,0
BRDA:73,31,1,0
BRDA:73,32,0,0
BRDA:73,32,1,0
BRDA:73,33,0,0
BRDA:73,33,1,0
BRDA:73,34,0,0
BRDA:73,34,1,0
BRDA:73,35,0,0
BRDA:73,35,1,0
BRDA:73,36,0,0
BRDA:73,36,1,0
BRDA:84,37,0,2
BRDA:84,37,1,0
BRDA:84,38,0,2
BRDA:84,38,1,2
BRDA:85,39,0,2
BRDA:85,39,1,0
BRDA:85,40,0,2
BRDA:85,40,1,2
BRDA:87,41,0,2
BRDA:87,41,1,0
BRDA:87,42,0,2
BRDA:87,42,1,2
BRDA:87,43,0,0
BRDA:87,43,1,2
BRDA:87,44,0,2
BRDA:87,44,1,2
BRDA:88,45,0,2
BRDA:88,45,1,0
BRDA:88,46,0,2
BRDA:88,46,1,2
BRDA:88,47,0,2
BRDA:88,47,1,0
BRDA:88,48,0,2
BRDA:88,48,1,2
BRDA:90,49,0,0
BRDA:90,49,1,2
BRDA:90,50,0,2
BRDA:90,50,1,2
BRDA:90,51,0,2
BRDA:90,51,1,0
BRDA:90,52,0,2
BRDA:90,52,1,2
BRDA:91,53,0,0
BRDA:91,53,1,2
BRDA:91,54,0,2
BRDA:91,54,1,2
BRDA:91,55,0,2
BRDA:91,55,1,0
BRDA:91,56,0,2
BRDA:91,56,1,2
BRDA:92,57,0,0
BRDA:92,57,1,2
BRDA:92,58,0,2
BRDA:92,58,1,2
BRDA:92,59,0,2
BRDA:92,59,1,0
BRDA:92,60,0,2
BRDA:92,60,1,2
BRDA:93,61,0,0
BRDA:93,61,1,2
BRDA:93,62,0,2
BRDA:93,62,1,2
BRDA:93,63,0,2
BRDA:93,63,1,0
BRDA:93,64,0,2
BRDA:93,64,1,2
BRDA:98,65,0,0
BRDA:98,65,1,2
BRDA:98,66,0,2
BRDA:98,66,1,2
BRDA:100,67,0,0
BRDA:100,68,0,2
BRDA:100,68,1,0
BRDA:100,69,0,2
BRDA:100,69,1,2
BRDA:108,70,0,0
BRDA:108,70,1,0
BRDA:108,71,0,0
BRDA:108,71,1,0
BRDA:115,72,0,0
BRDA:115,72,1,0
BRDA:115,73,0,0
BRDA:115,73,1,0
BRDA:115,74,0,0
BRDA:115,74,1,0
BRDA:115,75,0,0
BRDA:115,75,1,0
BRDA:116,76,0,0
BRDA:116,76,1,0
BRDA:116,77,0,0
BRDA:116,77,1,0
BRDA:118,78,0,0
BRDA:118,78,1,0
BRDA:118,79,0,0
BRDA:118,79,1,0
BRDA:118,80,0,0
BRDA:118,80,1,0
BRDA:118,81,0,0
BRDA:118,81,1,0
BRDA:119,82,0,0
BRDA:119,82,1,0
BRDA:119,83,0,0
BRDA:119,83,1,0
BRDA:119,84,0,0
BRDA:119,84,1,0
BRDA:119,85,0,0
BRDA:119,85,1,0
BRDA:120,86,0,0
BRDA:120,86,1,0
BRDA:120,87,0,0
BRDA:120,87,1,0
BRDA:125,88,0,0
BRDA:125,89,0,0
BRDA:125,89,1,0
BRDA:125,90,0,0
BRDA:125,90,1,0
BRDA:129,91,0,0
BRDA:129,91,1,0
BRDA:129,92,0,0
BRDA:129,92,1,0
BRDA:133,93,0,0
BRDA:133,93,1,0
BRDA:133,94,0,0
BRDA:133,94,1,0
BRDA:134,95,0,0
BRDA:134,95,1,0
BRDA:134,96,0,0
BRDA:134,96,1,0
BRDA:135,97,0,0
BRDA:135,97,1,0
BRDA:136,98,0,0
BRDA:136,98,1,0
BRDA:138,99,0,0
BRDA:138,99,1,0
BRDA:138,100,0,0
BRDA:138,100,1,0
BRDA:139,101,0,0
BRDA:139,101,1,0
BRDA:139,102,0,0
BRDA:139,102,1,0
BRDA:144,103,0,0
BRDA:144,103,1,0
BRDA:144,104,0,0
BRDA:144,104,1,0
BRDA:145,105,0,0
BRDA:145,105,1,0
BRDA:145,106,0,0
BRDA:145,106,1,0
BRDA:148,107,0,0
BRDA:148,107,1,0
BRDA:148,108,0,0
BRDA:148,108,1,0
BRDA:153,109,0,0
BRDA:153,109,1,0
BRDA:153,110,0,0
BRDA:153,110,1,0
BRDA:154,111,0,0
BRDA:154,111,1,0
BRDA:154,112,0,0
BRDA:154,112,1,0
BRDA:155,113,0,0
BRDA:155,113,1,0
BRDA:155,114,0,0
BRDA:155,114,1,0
BRDA:155,115,0,0
BRDA:155,115,1,0
BRDA:155,116,0,0
BRDA:155,116,1,0
BRDA:157,117,0,0
BRDA:157,117,1,0
BRDA:157,118,0,0
BRDA:157,118,1,0
BRDA:157,119,0,0
BRDA:157,119,1,0
BRDA:157,120,0,0
BRDA:157,120,1,0
BRDA:157,121,0,0
BRDA:157,121,1,0
BRDA:157,122,0,0
BRDA:157,122,1,0
BRDA:158,123,0,0
BRDA:158,123,1,0
BRDA:158,124,0,0
BRDA:158,124,1,0
BRDA:158,125,0,0
BRDA:158,125,1,0
BRDA:158,126,0,0
BRDA:158,126,1,0
BRDA:158,127,0,0
BRDA:158,127,1,0
BRDA:158,128,0,0
BRDA:158,128,1,0
BRDA:159,129,0,0
BRDA:159,129,1,0
BRDA:159,130,0,0
BRDA:159,130,1,0
BRDA:159,131,0,0
BRDA:159,131,1,0
BRDA:159,132,0,0
BRDA:159,132,1,0
BRDA:159,133,0,0
BRDA:159,133,1,0
BRDA:159,134,0,0
BRDA:159,134,1,0
BRDA:160,135,0,0
BRDA:160,135,1,0
BRDA:160,136,0,0
BRDA:160,136,1,0
BRDA:160,137,0,0
BRDA:160,137,1,0
BRDA:160,138,0,0
BRDA:160,138,1,0
BRDA:160,139,0,0
BRDA:160,139,1,0
BRDA:160,140,0,0
BRDA:160,140,1,0
BRDA:164,141,0,0
BRDA:164,141,1,0
BRDA:164,142,0,0
BRDA:164,142,1,0
BRDA:164,143,0,0
BRDA:164,143,1,0
BRDA:164,144,0,0
BRDA:164,144,1,0
BRDA:165,145,0,0
BRDA:165,145,1,0
BRDA:165,146,0,0
BRDA:165,146,1,0
BRDA:165,147,0,0
BRDA:165,147,1,0
BRDA:165,148,0,0
BRDA:165,148,1,0
BRDA:172,149,0,0
BRDA:172,150,0,0
BRDA:172,150,1,0
BRDA:172,151,0,0
BRDA:172,151,1,0
BRDA:173,152,0,0
BRDA:173,152,1,0
BRDA:175,153,0,0
BRDA:175,154,0,0
BRDA:175,154,1,0
BRDA:175,155,0,0
BRDA:175,155,1,0
BRDA:178,156,0,0
BRDA:178,157,0,0
BRDA:178,157,1,0
BRDA:178,158,0,0
BRDA:178,158,1,0
BRDA:179,159,0,0
BRDA:179,159,1,0
BRDA:179,160,0,0
BRDA:179,160,1,0
BRDA:183,161,0,0
BRDA:183,161,1,0
BRDA:183,162,0,0
BRDA:183,162,1,0
BRDA:190,163,0,2
BRDA:192,164,0,0
BRDA:193,165,0,0
BRDA:194,166,0,0
BRF:317
BRH:53
end_of_record
